<?xml version="1.0" encoding="UTF-8"?>
<testsuite name="com.cjoa.wms.dao.UserMapperTest" tests="1" skipped="0" failures="0" errors="0" timestamp="2025-04-02T06:40:42" hostname="inho-MacBookAir.local" time="0.49">
  <properties/>
  <testcase name="testGetAllUser()" classname="com.cjoa.wms.dao.UserMapperTest" time="0.49"/>
  <system-out><![CDATA[]]></system-out>
  <system-err><![CDATA[]]></system-err>
</testsuite>
