<?xml version="1.0" encoding="UTF-8"?>
<testsuite name="common.TemplateTest" tests="1" skipped="0" failures="0" errors="0" timestamp="2025-04-01T07:13:58" hostname="inho-MacBookAir.local" time="0.075">
  <properties/>
  <testcase name="getSqlSession()" classname="common.TemplateTest" time="0.075"/>
  <system-out><![CDATA[]]></system-out>
  <system-err><![CDATA[]]></system-err>
</testsuite>
