<?xml version="1.0" encoding="UTF-8"?>
<testsuite name="com.cjoa.wms.dao.UserMapperTest" tests="1" skipped="0" failures="0" errors="0" timestamp="2025-04-01T08:05:29" hostname="inho-MacBookAir.local" time="0.367">
  <properties/>
  <testcase name="getUserByUserIdAndPassword()" classname="com.cjoa.wms.dao.UserMapperTest" time="0.367"/>
  <system-out><![CDATA[]]></system-out>
  <system-err><![CDATA[]]></system-err>
</testsuite>
